[debug] [2020-03-19T19:00:59.489Z] ----------------------------------------------------------------------
[debug] [2020-03-19T19:00:59.491Z] Command:       C:\Program Files\nodejs\node.exe C:\Users\HP\AppData\Roaming\npm\node_modules\firebase-tools\lib\bin\firebase.js init
[debug] [2020-03-19T19:00:59.491Z] CLI Version:   7.15.1
[debug] [2020-03-19T19:00:59.491Z] Platform:      win32
[debug] [2020-03-19T19:00:59.491Z] Node Version:  v12.16.1
[debug] [2020-03-19T19:00:59.493Z] Time:          Fri Mar 20 2020 00:30:59 GMT+0530 (India Standard Time)
[debug] [2020-03-19T19:00:59.493Z] ----------------------------------------------------------------------
[debug] [2020-03-19T19:00:59.493Z] 
[debug] [2020-03-19T19:00:59.502Z] > command requires scopes: ["email","openid","https://www.googleapis.com/auth/cloudplatformprojects.readonly","https://www.googleapis.com/auth/firebase","https://www.googleapis.com/auth/cloud-platform"]
[debug] [2020-03-19T19:00:59.502Z] > authorizing via signed-in user
[info] 
     ######## #### ########  ######## ########     ###     ######  ########
     ##        ##  ##     ## ##       ##     ##  ##   ##  ##       ##
     ######    ##  ########  ######   ########  #########  ######  ######
     ##        ##  ##    ##  ##       ##     ## ##     ##       ## ##
     ##       #### ##     ## ######## ########  ##     ##  ######  ########

You're about to initialize a Firebase project in this directory:

  C:\Users\HP

Before we get started, keep in mind:

  * You are initializing in an existing Firebase project directory

